/*C21*/SET SCHEMA PUBLIC
\u000a    drop table group_contact if exists
\u000a    drop table groupe if exists
\u000a    drop table person if exists
\u000a    drop table refill_request if exists
\u000a    drop table request_status if exists
\u000a    drop table role if exists
\u000a    drop table sms_info if exists
\u000a    drop table user if exists
\u000a    create table group_contact (\u000a        person_id bigint not null,\u000a        group_id bigint not null,\u000a        primary key (person_id, group_id)\u000a    )
\u000a    create table groupe (\u000a        id bigint generated by default as identity (start with 1),\u000a        name varchar(255),\u000a        account varchar(255),\u000a        primary key (id)\u000a    )
\u000a    create table person (\u000a        id bigint generated by default as identity (start with 1),\u000a        contact varchar(255),\u000a        first_name varchar(255),\u000a        last_name varchar(255),\u000a        account varchar(255),\u000a        primary key (id)\u000a    )
\u000a    create table refill_request (\u000a        id bigint generated by default as identity (start with 1),\u000a        credit integer not null,\u000a        date_created timestamp,\u000a        status_id bigint,\u000a        user_id varchar(255),\u000a        primary key (id)\u000a    )
\u000a    create table request_status (\u000a        id bigint generated by default as identity (start with 1),\u000a        name varchar(255),\u000a        primary key (id)\u000a    )
\u000a    create table role (\u000a        id bigint generated by default as identity (start with 1),\u000a        name varchar(255),\u000a        primary key (id)\u000a    )
\u000a    create table sms_info (\u000a        id bigint generated by default as identity (start with 1),\u000a        created_at timestamp,\u000a        message_id varchar(255),\u000a        user_username varchar(255),\u000a        primary key (id)\u000a    )
\u000a    create table user (\u000a        username varchar(255) not null,\u000a        balance integer not null,\u000a        name varchar(255),\u000a        password varchar(255),\u000a        status varchar(255),\u000a        role_id bigint,\u000a        primary key (username)\u000a    )
\u000a    alter table group_contact \u000a        add constraint FK3w2b158ghcye9revn06532625 \u000a        foreign key (group_id) \u000a        references groupe
\u000a    alter table group_contact \u000a        add constraint FK8dibof4otd19g16wd1y04bge7 \u000a        foreign key (person_id) \u000a        references person
\u000a    alter table groupe \u000a        add constraint FKgddlg7fw72cu4pvmicokl9l3b \u000a        foreign key (account) \u000a        references user
\u000a    alter table person \u000a        add constraint FKniuvoegdsp6toja16jjdpqchn \u000a        foreign key (account) \u000a        references user
\u000a    alter table refill_request \u000a        add constraint FKhmcgpk8i7yy32vsks3kttnsxf \u000a        foreign key (status_id) \u000a        references request_status
\u000a    alter table refill_request \u000a        add constraint FKkjamc5c6k3j6cnh1duloj9673 \u000a        foreign key (user_id) \u000a        references user
\u000a    alter table sms_info \u000a        add constraint FKg5lbptnhu89l9iqh61lshtkfj \u000a        foreign key (user_username) \u000a        references user
\u000a    alter table user \u000a        add constraint FKn82ha3ccdebhokx3a8fgdqeyy \u000a        foreign key (role_id) \u000a        references role
INSERT INTO ROLE VALUES(1,'ROLE_ADMIN')
COMMIT
INSERT INTO ROLE VALUES(2,'ROLE_USER')
COMMIT
INSERT INTO USER VALUES('user',10,'Invit\u00e9','$2a$10$K5z.UmIBxJ1xY0b7OB7wheu9IfszEVuHsIOhM2yxTuwA5VPzEumyy','disabled',2)
COMMIT
INSERT INTO GROUPE VALUES(1,'Tous les contacts','user')
COMMIT
INSERT INTO USER VALUES('admin',50,'Administrateur','$2a$10$6162aeS4YomkL5pqbFP5X.S4RffXSL/Nj0wjTaPFFsWVG342TPmae','disabled',1)
COMMIT
INSERT INTO GROUPE VALUES(2,'Tous les contacts','admin')
COMMIT
INSERT INTO REQUEST_STATUS VALUES(1,'NEW')
INSERT INTO REQUEST_STATUS VALUES(2,'CANCELLED')
INSERT INTO REQUEST_STATUS VALUES(3,'REJECTED')
INSERT INTO REQUEST_STATUS VALUES(4,'RECHARGED')
COMMIT
\u000a    alter table group_contact \u000a        drop constraint FK3w2b158ghcye9revn06532625
\u000a    alter table group_contact \u000a        drop constraint FK8dibof4otd19g16wd1y04bge7
\u000a    alter table groupe \u000a        drop constraint FKgddlg7fw72cu4pvmicokl9l3b
\u000a    alter table person \u000a        drop constraint FKniuvoegdsp6toja16jjdpqchn
\u000a    alter table refill_request \u000a        drop constraint FKhmcgpk8i7yy32vsks3kttnsxf
\u000a    alter table refill_request \u000a        drop constraint FKkjamc5c6k3j6cnh1duloj9673
\u000a    alter table sms_info \u000a        drop constraint FKg5lbptnhu89l9iqh61lshtkfj
\u000a    alter table user \u000a        drop constraint FKn82ha3ccdebhokx3a8fgdqeyy
\u000a    drop table group_contact if exists
\u000a    drop table groupe if exists
\u000a    drop table person if exists
\u000a    drop table refill_request if exists
\u000a    drop table request_status if exists
\u000a    drop table role if exists
\u000a    drop table sms_info if exists
\u000a    drop table user if exists
DISCONNECT
/*C20*/SET SCHEMA PUBLIC
DISCONNECT
/*C19*/SET SCHEMA PUBLIC
DISCONNECT
/*C18*/SET SCHEMA PUBLIC
DISCONNECT
/*C17*/SET SCHEMA PUBLIC
DISCONNECT
/*C16*/SET SCHEMA PUBLIC
DISCONNECT
/*C15*/SET SCHEMA PUBLIC
DISCONNECT
/*C14*/SET SCHEMA PUBLIC
DISCONNECT
/*C13*/SET SCHEMA PUBLIC
DISCONNECT
/*C12*/SET SCHEMA PUBLIC
DISCONNECT
